<?xml version="1.0" encoding="UTF-8"?>
<!-- Generated by org.testng.reporters.JUnitXMLReporter -->
<testsuite hostname="andrey-Lenovo-Z580" ignored="0" name="Test1" tests="5" failures="0" timestamp="2020-01-22T12:23:24 IST" time="41.115" errors="0">
  <testcase name="test" time="2.426" classname="Tests.ChallengingDomTest"/>
  <testcase name="test" time="0.429" classname="Tests.ABbuttonTest"/>
  <testcase name="test" time="2.284" classname="Tests.BrokenImagesTest"/>
  <testcase name="test" time="28.15" classname="Tests.AddRemoverTest"/>
  <testcase name="test" time="2.496" classname="Tests.CheckboxesTest"/>
</testsuite> <!-- Test1 -->
