<?xml version="1.0" encoding="UTF-8"?>
<testsuite xmlns:xsi="http://www.w3.org/2001/XMLSchema-instance" xsi:noNamespaceSchemaLocation="https://maven.apache.org/surefire/maven-surefire-plugin/xsd/surefire-test-report-3.0.xsd" version="3.0" name="TestSuite" time="41.581" tests="5" errors="0" skipped="0" failures="0">
  <properties>
[...]
</properties>
  <testcase name="test" classname="Tests.ChallengingDomTest" time="2.428"/>
  <testcase name="test" classname="Tests.ABbuttonTest" time="0.428"/>
  <testcase name="test" classname="Tests.BrokenImagesTest" time="2.283"/>
  <testcase name="test" classname="Tests.AddRemoverTest" time="28.151"/>
  <testcase name="test" classname="Tests.CheckboxesTest" time="2.495"/>
</testsuite>