<?xml version="1.0" encoding="UTF-8"?>
<!-- Generated by org.testng.reporters.JUnitXMLReporter -->
<testsuite hostname="WIN-6INJRAB8CQ2" ignored="1" name="Test1" tests="5" failures="0" timestamp="2019-12-26T12:09:54 IST" time="41.834" errors="0">
  <testcase name="test" time="2.594" classname="Tests.ChallengingDomTest"/>
  <testcase name="test" time="0.464" classname="Tests.ABbuttonTest"/>
  <testcase name="test" time="3.016" classname="Tests.BrokenImagesTest"/>
  <testcase name="test" time="28.18" classname="Tests.AddRemoverTest"/>
  <testcase name="test" time="1.623" classname="Tests.CheckboxesTest"/>
  <testcase name="test" time="0.0" classname="Tests.BasicAuthMySqlTest">
    <ignored/>
  </testcase> <!-- test -->
</testsuite> <!-- Test1 -->
