<?xml version="1.0" encoding="UTF-8"?>
<!-- Generated by org.testng.reporters.JUnitXMLReporter -->
<testsuite hostname="andrey-Lenovo-Z580" ignored="0" name="Test1" tests="5" failures="0" timestamp="2020-01-22T12:13:49 IST" time="38.794" errors="0">
  <testcase name="test" time="2.486" classname="Tests.ChallengingDomTest"/>
  <testcase name="test" time="0.448" classname="Tests.ABbuttonTest"/>
  <testcase name="test" time="2.335" classname="Tests.BrokenImagesTest"/>
  <testcase name="test" time="28.205" classname="Tests.AddRemoverTest"/>
  <testcase name="test" time="1.606" classname="Tests.CheckboxesTest"/>
</testsuite> <!-- Test1 -->
