<?xml version="1.0" encoding="UTF-8"?>
<!-- Generated by org.testng.reporters.JUnitXMLReporter -->
<testsuite hostname="WIN-6INJRAB8CQ2" ignored="1" name="Test" tests="5" failures="1" timestamp="2019-12-26T11:31:28 IST" time="38.358" errors="0">
  <testcase name="test" time="2.367" classname="Tests.ChallengingDomTest"/>
  <testcase name="test" time="0.413" classname="Tests.ABbuttonTest"/>
  <testcase name="test" time="2.6" classname="Tests.BrokenImagesTest"/>
  <testcase name="test" time="27.988" classname="Tests.AddRemoverTest"/>
  <testcase name="test" time="0.431" classname="Tests.CheckboxesTest">
    <failure type="java.lang.Error" message="Unresolved compilation problems: 
	Logger cannot be resolved to a type
	LogManager cannot be resolved
">
      <![CDATA[java.lang.Error: Unresolved compilation problems: 
Logger cannot be resolved to a type
LogManager cannot be resolved

at Pages.CheckboxesPage.<init>(CheckboxesPage.java:15)
at Tests.CheckboxesTest.test(CheckboxesTest.java:41)
at java.util.ArrayList.forEach(Unknown Source)
... Removed 27 stack frames]]>
    </failure>
  </testcase> <!-- test -->
  <testcase name="test" time="0.0" classname="Tests.BasicAuthMySqlTest">
    <ignored/>
  </testcase> <!-- test -->
</testsuite> <!-- Test -->
